2018/02/19 19:22:36 load.go:20: open : The system cannot find the file specified.
2018/02/19 19:22:36 command.go:8: open : The system cannot find the file specified.
2018/02/19 19:22:36 command.go:17: List sent correctly
2018/02/19 19:22:36 load.go:20: open : The system cannot find the file specified.
2018/02/19 19:22:36 command.go:8: open : The system cannot find the file specified.
2018/02/19 19:22:36 command.go:17: List sent correctly
2018/02/19 19:22:36 load.go:20: open : The system cannot find the file specified.
2018/02/19 19:22:36 command.go:8: open : The system cannot find the file specified.
2018/02/19 19:22:36 command.go:17: List sent correctly
2018/02/19 20:14:03 load.go:20: open : The system cannot find the file specified.
2018/02/19 20:14:03 command.go:8: open : The system cannot find the file specified.
2018/02/19 20:14:03 command.go:17: List sent correctly
2018/02/19 20:14:49 load.go:20: open : The system cannot find the file specified.
2018/02/19 20:14:49 command.go:8: open : The system cannot find the file specified.
2018/02/19 20:14:49 command.go:17: List sent correctly
2018/02/19 20:37:40 send.go:188: OK
2018/02/19 20:37:40 send.go:79: OK
2018/02/19 20:37:40 command.go:14: OK
2018/02/19 20:39:26 command.go:18: List sent correctly
2018/02/19 20:39:47 command.go:18: List sent correctly
2018/02/19 20:41:06 load.go:49: strconv.Atoi: parsing "7.3": invalid syntax
2018/02/19 20:41:06 command.go:9: strconv.Atoi: parsing "7.3": invalid syntax
2018/02/19 20:41:06 command.go:18: List sent correctly
2018/02/19 20:46:12 send.go:182: entry already found; updating instead
2018/02/19 20:46:13 send.go:182: entry already found; updating instead
2018/02/19 20:46:13 send.go:182: entry already found; updating instead
2018/02/19 20:46:13 send.go:182: entry already found; updating instead
2018/02/19 20:46:13 send.go:182: entry already found; updating instead
2018/02/19 20:46:14 send.go:182: entry already found; updating instead
2018/02/19 20:46:14 send.go:182: entry already found; updating instead
2018/02/19 20:46:14 send.go:182: entry already found; updating instead
2018/02/19 20:46:14 send.go:182: entry already found; updating instead
2018/02/19 20:46:15 send.go:182: entry already found; updating instead
2018/02/19 20:46:15 send.go:182: entry already found; updating instead
2018/02/19 20:46:15 send.go:182: entry already found; updating instead
2018/02/19 20:46:15 send.go:182: entry already found; updating instead
2018/02/19 20:46:15 send.go:182: entry already found; updating instead
2018/02/19 20:46:16 send.go:182: entry already found; updating instead
2018/02/19 20:46:16 send.go:182: entry already found; updating instead
2018/02/19 20:46:16 send.go:182: entry already found; updating instead
2018/02/19 20:46:16 send.go:182: entry already found; updating instead
2018/02/19 20:46:17 send.go:182: entry already found; updating instead
2018/02/19 20:46:17 send.go:182: entry already found; updating instead
2018/02/19 20:46:17 send.go:182: entry already found; updating instead
2018/02/19 20:46:17 send.go:182: entry already found; updating instead
2018/02/19 20:46:17 command.go:18: List sent correctly
2018/02/19 20:48:13 send.go:182: entry already found; updating instead
2018/02/19 20:48:13 send.go:182: entry already found; updating instead
2018/02/19 20:48:14 send.go:182: entry already found; updating instead
2018/02/19 20:48:14 send.go:182: entry already found; updating instead
2018/02/19 20:48:14 send.go:182: entry already found; updating instead
2018/02/19 20:48:14 send.go:182: entry already found; updating instead
2018/02/19 20:48:15 send.go:182: entry already found; updating instead
2018/02/19 20:48:15 send.go:182: entry already found; updating instead
2018/02/19 20:48:16 send.go:182: entry already found; updating instead
2018/02/19 20:48:16 send.go:182: entry already found; updating instead
2018/02/19 20:48:16 send.go:182: entry already found; updating instead
2018/02/19 20:48:16 send.go:182: entry already found; updating instead
2018/02/19 20:48:17 send.go:182: entry already found; updating instead
2018/02/19 20:48:17 send.go:182: entry already found; updating instead
2018/02/19 20:48:18 send.go:182: entry already found; updating instead
2018/02/19 20:48:18 send.go:182: entry already found; updating instead
2018/02/19 20:48:19 send.go:182: entry already found; updating instead
2018/02/19 20:48:19 send.go:182: entry already found; updating instead
2018/02/19 20:48:19 send.go:182: entry already found; updating instead
2018/02/19 20:48:19 send.go:182: entry already found; updating instead
2018/02/19 20:48:19 send.go:182: entry already found; updating instead
2018/02/19 20:48:20 send.go:182: entry already found; updating instead
2018/02/19 20:48:21 command.go:18: List sent correctly
